C:\Users\neliya.gurung\source\repos\ShoppingApp\ShoppingApp\wwwroot\clientapp\out-tsc\ClientApp\app\app.component.js
C:\Users\neliya.gurung\source\repos\ShoppingApp\ShoppingApp\wwwroot\clientapp\out-tsc\ClientApp\app\app.component.js.map
C:\Users\neliya.gurung\source\repos\ShoppingApp\ShoppingApp\wwwroot\clientapp\out-tsc\ClientApp\app\shop\productList.component.js
C:\Users\neliya.gurung\source\repos\ShoppingApp\ShoppingApp\wwwroot\clientapp\out-tsc\ClientApp\app\shop\productList.component.js.map
C:\Users\neliya.gurung\source\repos\ShoppingApp\ShoppingApp\wwwroot\clientapp\out-tsc\ClientApp\app\app.module.js
C:\Users\neliya.gurung\source\repos\ShoppingApp\ShoppingApp\wwwroot\clientapp\out-tsc\ClientApp\app\app.module.js.map
C:\Users\neliya.gurung\source\repos\ShoppingApp\ShoppingApp\wwwroot\clientapp\out-tsc\ClientApp\environments\environment.js
C:\Users\neliya.gurung\source\repos\ShoppingApp\ShoppingApp\wwwroot\clientapp\out-tsc\ClientApp\environments\environment.js.map
C:\Users\neliya.gurung\source\repos\ShoppingApp\ShoppingApp\wwwroot\clientapp\out-tsc\ClientApp\main.js
C:\Users\neliya.gurung\source\repos\ShoppingApp\ShoppingApp\wwwroot\clientapp\out-tsc\ClientApp\main.js.map
C:\Users\neliya.gurung\source\repos\ShoppingApp\ShoppingApp\wwwroot\clientapp\out-tsc\ClientApp\polyfills.js
C:\Users\neliya.gurung\source\repos\ShoppingApp\ShoppingApp\wwwroot\clientapp\out-tsc\ClientApp\polyfills.js.map
C:\Users\neliya.gurung\source\repos\ShoppingApp\ShoppingApp\wwwroot\clientapp\out-tsc\ClientApp\test.js
C:\Users\neliya.gurung\source\repos\ShoppingApp\ShoppingApp\wwwroot\clientapp\out-tsc\ClientApp\test.js.map
C:\Users\neliya.gurung\source\repos\ShoppingApp\ShoppingApp\wwwroot\clientapp\out-tsc\ClientApp\environments\environment.prod.js
C:\Users\neliya.gurung\source\repos\ShoppingApp\ShoppingApp\wwwroot\clientapp\out-tsc\ClientApp\environments\environment.prod.js.map
C:\Users\neliya.gurung\source\repos\ShoppingApp\ShoppingApp\wwwroot\clientapp\out-tsc\wwwroot\ts\main.js
C:\Users\neliya.gurung\source\repos\ShoppingApp\ShoppingApp\wwwroot\clientapp\out-tsc\wwwroot\ts\main.js.map
C:\Users\neliya.gurung\source\repos\ShoppingApp\ShoppingApp\wwwroot\clientapp\out-tsc\wwwroot\ts\storecustomer.js
C:\Users\neliya.gurung\source\repos\ShoppingApp\ShoppingApp\wwwroot\clientapp\out-tsc\wwwroot\ts\storecustomer.js.map
